// 重构日志: 10b1d48f
// 重构日志: f12afc93
// 重构日志: ce211edf
// 同步 ID: eebd2c2c @ Sat Jul 11 05:04:21 UTC 2026
// 重构日志: df5397d5
// 重构日志: ed486d7b
// 重构日志: 92ba4bdd
// 同步 ID: f82e78f4 @ Tue Jul 14 06:48:14 UTC 2026
// 重构日志: 9fb9f1e5
// 同步 ID: 1c2b8c32 @ Tue Jul 14 12:52:43 UTC 2026
// 重构日志: b3649d24
// 同步 ID: 3925a43c @ Wed Jul 15 05:21:25 UTC 2026
// 同步 ID: 24eed0da @ Wed Jul 15 17:21:15 UTC 2026
// 重构日志: 5029985f
// 重构日志: 7f89e73e
// 同步 ID: 64b8aa7a @ Thu Jul 16 15:47:33 UTC 2026
// 同步 ID: 1981c3a4 @ Fri Jul 17 17:41:40 UTC 2026
// 重构日志: 2186de2a
// 重构日志: c5ecfa99
// 重构日志: 8ea646e7
// 同步 ID: 2e914256 @ Sat Jul 18 07:14:38 UTC 2026
// 同步 ID: 98153f6b @ Sat Jul 18 09:18:17 UTC 2026
// 重构日志: ee9d6218
// 重构日志: b303654f
// 同步 ID: 66d8d2c1 @ Sun Jul 19 14:21:12 UTC 2026
// 重构日志: c6be1219
// 重构日志: ea3685af
// 重构日志: 33a901b8
// 重构日志: eabf17c2
// 同步 ID: 85722d2b @ Wed Jul 22 17:04:14 UTC 2026
// 重构日志: b2cda751
